Watching for file changes with StatReloader
Not Found: /api/like_place/
"POST /api/like_place/ HTTP/1.1" 404 4375
"POST /api/get_likes/ HTTP/1.1" 200 83
"POST /api/get_likes/ HTTP/1.1" 200 83
Watching for file changes with StatReloader
Not Found: /
"GET / HTTP/1.1" 404 2312
Not Found: /favicon.ico
"GET /favicon.ico HTTP/1.1" 404 2363
"POST /api/get_likes/ HTTP/1.1" 200 83
"POST /api/get_likes/ HTTP/1.1" 200 83
Not Found: /api/like_place/
"POST /api/like_place/ HTTP/1.1" 404 4375
Watching for file changes with StatReloader
"POST /questionnaire/classify/ HTTP/1.1" 200 568
"POST /questionnaire/classify/ HTTP/1.1" 200 568
"POST /api/get_likes/ HTTP/1.1" 200 88
"POST /api/get_likes/ HTTP/1.1" 200 88
"POST /api/get_likes/ HTTP/1.1" 200 88
Not Found: /api/like_place/
"POST /api/like_place/ HTTP/1.1" 404 4375
Not Found: /api/like_place/
"POST /api/like_place/ HTTP/1.1" 404 4375
Watching for file changes with StatReloader
"POST /questionnaire/classify/ HTTP/1.1" 200 601
"POST /questionnaire/classify/ HTTP/1.1" 200 601
"POST /api/get_likes/ HTTP/1.1" 200 83
"POST /api/get_likes/ HTTP/1.1" 200 83
"POST /api/get_likes/ HTTP/1.1" 200 83
"OPTIONS /api/add_favorite/ HTTP/1.1" 200 0
Unauthorized: /api/add_favorite/
"POST /api/add_favorite/ HTTP/1.1" 401 48
Watching for file changes with StatReloader
"POST /questionnaire/classify/ HTTP/1.1" 200 584
"POST /questionnaire/classify/ HTTP/1.1" 200 584
"POST /api/get_likes/ HTTP/1.1" 200 83
"POST /api/get_likes/ HTTP/1.1" 200 83
"POST /api/get_likes/ HTTP/1.1" 200 83
Not Found: /api/like_place/
"POST /api/like_place/ HTTP/1.1" 404 4375
"POST /api/get_likes/ HTTP/1.1" 200 83
"POST /api/get_likes/ HTTP/1.1" 200 83
"POST /api/get_likes/ HTTP/1.1" 200 83
Unauthorized: /api/add_favorite/
"POST /api/add_favorite/ HTTP/1.1" 401 48
"OPTIONS /api/add_favorite/ HTTP/1.1" 200 0
Unauthorized: /api/add_favorite/
"POST /api/add_favorite/ HTTP/1.1" 401 48
Watching for file changes with StatReloader
"OPTIONS /questionnaire/classify/ HTTP/1.1" 200 0
"OPTIONS /questionnaire/classify/ HTTP/1.1" 200 0
"POST /questionnaire/classify/ HTTP/1.1" 200 584
"POST /questionnaire/classify/ HTTP/1.1" 200 584
Unauthorized: /api/add_favorite/
"POST /api/add_favorite/ HTTP/1.1" 401 48
Unauthorized: /api/add_favorite/
"POST /api/add_favorite/ HTTP/1.1" 401 48
"OPTIONS /api/logout/ HTTP/1.1" 200 0
"POST /api/logout/ HTTP/1.1" 200 37
"OPTIONS /api/register/ HTTP/1.1" 200 0
"POST /api/register/ HTTP/1.1" 201 42
Bad Request: /api/register/
"POST /api/register/ HTTP/1.1" 400 34
"OPTIONS /api/login/ HTTP/1.1" 200 0
"POST /api/login/ HTTP/1.1" 200 504
"POST /questionnaire/classify/ HTTP/1.1" 200 584
"POST /questionnaire/classify/ HTTP/1.1" 200 584
Unauthorized: /api/add_favorite/
"POST /api/add_favorite/ HTTP/1.1" 401 48
Method Not Allowed: /api/add_favorite/
"GET /api/add_favorite/ HTTP/1.1" 405 5603
"GET /static/rest_framework/css/bootstrap.min.css HTTP/1.1" 200 121457
"GET /static/rest_framework/css/bootstrap-tweaks.css HTTP/1.1" 200 3426
"GET /static/rest_framework/js/csrf.js HTTP/1.1" 200 1793
"GET /static/rest_framework/css/default.css HTTP/1.1" 200 1152
"GET /static/rest_framework/css/prettify.css HTTP/1.1" 200 817
"GET /static/rest_framework/js/default.js HTTP/1.1" 200 1268
"GET /static/rest_framework/js/bootstrap.min.js HTTP/1.1" 200 39680
"GET /static/rest_framework/js/ajax-form.js HTTP/1.1" 200 3796
"GET /static/rest_framework/js/prettify-min.js HTTP/1.1" 200 13632
"GET /static/rest_framework/js/load-ajax-form.js HTTP/1.1" 200 59
"GET /static/rest_framework/img/grid.png HTTP/1.1" 200 1458
"GET /static/rest_framework/js/jquery-3.7.1.min.js HTTP/1.1" 200 87533
Watching for file changes with StatReloader
"POST /questionnaire/classify/ HTTP/1.1" 200 584
"POST /questionnaire/classify/ HTTP/1.1" 200 584
Unauthorized: /api/add_favorite/
"POST /api/add_favorite/ HTTP/1.1" 401 48
C:\Users\klaud\PycharmProjects\PythonProject2\xplore\users\views.py changed, reloading.
Watching for file changes with StatReloader
"POST /questionnaire/classify/ HTTP/1.1" 200 584
"POST /questionnaire/classify/ HTTP/1.1" 200 584
Unauthorized: /api/add_favorite/
"POST /api/add_favorite/ HTTP/1.1" 401 48
Method Not Allowed: /api/add_favorite/
"GET /api/add_favorite/ HTTP/1.1" 405 5603
C:\Users\klaud\PycharmProjects\PythonProject2\xplore\users\views.py changed, reloading.
Watching for file changes with StatReloader
Watching for file changes with StatReloader
Watching for file changes with StatReloader
"OPTIONS /questionnaire/classify/ HTTP/1.1" 200 0
"OPTIONS /questionnaire/classify/ HTTP/1.1" 200 0
"POST /questionnaire/classify/ HTTP/1.1" 200 582
"POST /questionnaire/classify/ HTTP/1.1" 200 582
"OPTIONS /api/add_favorite/ HTTP/1.1" 200 0
Unauthorized: /api/add_favorite/
"POST /api/add_favorite/ HTTP/1.1" 401 48
"OPTIONS /api/logout/ HTTP/1.1" 200 0
"POST /api/logout/ HTTP/1.1" 200 37
"OPTIONS /api/login/ HTTP/1.1" 200 0
"POST /api/login/ HTTP/1.1" 200 504
"POST /questionnaire/classify/ HTTP/1.1" 200 593
"POST /questionnaire/classify/ HTTP/1.1" 200 593
Unauthorized: /api/add_favorite/
"POST /api/add_favorite/ HTTP/1.1" 401 48
Unauthorized: /api/add_favorite/
"POST /api/add_favorite/ HTTP/1.1" 401 48
Unauthorized: /api/add_favorite/
"POST /api/add_favorite/ HTTP/1.1" 401 48
C:\Users\klaud\PycharmProjects\PythonProject2\xplore\users\views.py changed, reloading.
Watching for file changes with StatReloader
Internal Server Error: /api/add_favorite/
Traceback (most recent call last):
  File "C:\Users\klaud\PycharmProjects\PythonProject2\.venv\Lib\site-packages\django\core\handlers\exception.py", line 55, in inner
    response = get_response(request)
               ^^^^^^^^^^^^^^^^^^^^^
  File "C:\Users\klaud\PycharmProjects\PythonProject2\.venv\Lib\site-packages\django\core\handlers\base.py", line 197, in _get_response
    response = wrapped_callback(request, *callback_args, **callback_kwargs)
               ^^^^^^^^^^^^^^^^^^^^^^^^^^^^^^^^^^^^^^^^^^^^^^^^^^^^^^^^^^^^
  File "C:\Users\klaud\PycharmProjects\PythonProject2\.venv\Lib\site-packages\django\views\decorators\csrf.py", line 65, in _view_wrapper
    return view_func(request, *args, **kwargs)
           ^^^^^^^^^^^^^^^^^^^^^^^^^^^^^^^^^^^
  File "C:\Users\klaud\PycharmProjects\PythonProject2\.venv\Lib\site-packages\django\views\generic\base.py", line 104, in view
    return self.dispatch(request, *args, **kwargs)
           ^^^^^^^^^^^^^^^^^^^^^^^^^^^^^^^^^^^^^^^
  File "C:\Users\klaud\PycharmProjects\PythonProject2\.venv\Lib\site-packages\rest_framework\views.py", line 509, in dispatch
    response = self.handle_exception(exc)
               ^^^^^^^^^^^^^^^^^^^^^^^^^^
  File "C:\Users\klaud\PycharmProjects\PythonProject2\.venv\Lib\site-packages\rest_framework\views.py", line 469, in handle_exception
    self.raise_uncaught_exception(exc)
  File "C:\Users\klaud\PycharmProjects\PythonProject2\.venv\Lib\site-packages\rest_framework\views.py", line 480, in raise_uncaught_exception
    raise exc
  File "C:\Users\klaud\PycharmProjects\PythonProject2\.venv\Lib\site-packages\rest_framework\views.py", line 506, in dispatch
    response = handler(request, *args, **kwargs)
               ^^^^^^^^^^^^^^^^^^^^^^^^^^^^^^^^^
  File "C:\Users\klaud\PycharmProjects\PythonProject2\.venv\Lib\site-packages\rest_framework\decorators.py", line 50, in handler
    return func(*args, **kwargs)
           ^^^^^^^^^^^^^^^^^^^^^
  File "C:\Users\klaud\PycharmProjects\PythonProject2\xplore\users\views.py", line 62, in add_favorite
    user = User.objects.get(username=token)
                                     ^^^^^
NameError: name 'token' is not defined. Did you mean: 'open'? Or did you forget to import 'token'
"POST /api/add_favorite/ HTTP/1.1" 500 98579
C:\Users\klaud\PycharmProjects\PythonProject2\xplore\users\views.py changed, reloading.
Watching for file changes with StatReloader
C:\Users\klaud\PycharmProjects\PythonProject2\xplore\users\views.py changed, reloading.
Watching for file changes with StatReloader
Unauthorized: /api/add_favorite/
"POST /api/add_favorite/ HTTP/1.1" 401 48
"POST /api/add_favorite/ HTTP/1.1" 201 32
"OPTIONS /api/favorites/ HTTP/1.1" 200 0
"OPTIONS /api/favorites/ HTTP/1.1" 200 0
"GET /api/favorites/ HTTP/1.1" 200 39
"GET /api/favorites/ HTTP/1.1" 200 39
C:\Users\klaud\PycharmProjects\PythonProject2\xplore\users\views.py changed, reloading.
Watching for file changes with StatReloader
"POST /questionnaire/classify/ HTTP/1.1" 200 582
"POST /questionnaire/classify/ HTTP/1.1" 200 582
"POST /api/add_favorite/ HTTP/1.1" 201 32
"GET /api/favorites/ HTTP/1.1" 200 72
"GET /api/favorites/ HTTP/1.1" 200 72
C:\Users\klaud\PycharmProjects\PythonProject2\xplore\users\serializers.py changed, reloading.
Watching for file changes with StatReloader
Watching for file changes with StatReloader
Watching for file changes with StatReloader
C:\Users\klaud\PycharmProjects\PythonProject2\xplore\users\serializers.py changed, reloading.
Watching for file changes with StatReloader
Watching for file changes with StatReloader
C:\Users\klaud\PycharmProjects\PythonProject2\xplore\users\views.py changed, reloading.
Watching for file changes with StatReloader
C:\Users\klaud\PycharmProjects\PythonProject2\xplore\users\views.py changed, reloading.
Watching for file changes with StatReloader
C:\Users\klaud\PycharmProjects\PythonProject2\xplore\users\views.py changed, reloading.
Watching for file changes with StatReloader
C:\Users\klaud\PycharmProjects\PythonProject2\xplore\users\views.py changed, reloading.
Watching for file changes with StatReloader
C:\Users\klaud\PycharmProjects\PythonProject2\xplore\users\views.py changed, reloading.
Watching for file changes with StatReloader
"OPTIONS /questionnaire/classify/ HTTP/1.1" 200 0
"OPTIONS /questionnaire/classify/ HTTP/1.1" 200 0
"POST /questionnaire/classify/ HTTP/1.1" 200 601
"POST /questionnaire/classify/ HTTP/1.1" 200 601
Not Found: /api/favorite_count/
"GET /api/favorite_count/?place=Malta%2C%20Valletta HTTP/1.1" 404 3601
"OPTIONS /api/add_favorite/ HTTP/1.1" 200 0
"POST /api/add_favorite/ HTTP/1.1" 201 32
Not Found: /api/favorite_count/
"GET /api/favorite_count/?place=Malta%2C%20Valletta HTTP/1.1" 404 3601
C:\Users\klaud\PycharmProjects\PythonProject2\xplore\users\views.py changed, reloading.
Watching for file changes with StatReloader
Bad Request: /api/add_favorite/
"POST /api/add_favorite/ HTTP/1.1" 400 29
Not Found: /api/favorite_count/
"GET /api/favorite_count/?place=Malta%2C%20Valletta HTTP/1.1" 404 3601
Not Found: /api/favorite_count/
"GET /api/favorite_count/?place=Malta%2C%20Valletta HTTP/1.1" 404 3601
Not Found: /api/favorite_count/
"GET /api/favorite_count/?place=Malta%2C%20Valletta HTTP/1.1" 404 3601
Not Found: /api/favorite_count/
"GET /api/favorite_count/?place=Malta%2C%20Valletta HTTP/1.1" 404 3601
Not Found: /api/favorite_count/
"GET /api/favorite_count/?place=Malta%2C%20Valletta HTTP/1.1" 404 3601
Not Found: /api/favorite_count/
"GET /api/favorite_count/?place=Malta%2C%20Valletta HTTP/1.1" 404 3601
Not Found: /api/favorite_count/
"GET /api/favorite_count/?place=Malta%2C%20Valletta HTTP/1.1" 404 3601
"POST /questionnaire/classify/ HTTP/1.1" 200 586
"POST /questionnaire/classify/ HTTP/1.1" 200 586
Not Found: /api/favorite_count/
"GET /api/favorite_count/?place=Morocco%2C%20Marrakesh HTTP/1.1" 404 3604
Not Found: /api/favorite_count/
"GET /api/favorite_count/?place=Morocco%2C%20Marrakesh HTTP/1.1" 404 3604
Not Found: /api/favorite_count/
"GET /api/favorite_count/?place=Morocco%2C%20Marrakesh HTTP/1.1" 404 3604
Not Found: /api/favorite_count/
"GET /api/favorite_count/?place=Morocco%2C%20Marrakesh HTTP/1.1" 404 3604
Not Found: /api/favorite_count/
"GET /api/favorite_count/?place=Morocco%2C%20Marrakesh HTTP/1.1" 404 3604
Not Found: /api/favorite_count/
"GET /api/favorite_count/?place=Morocco%2C%20Marrakesh HTTP/1.1" 404 3604
"POST /api/add_favorite/ HTTP/1.1" 201 32
Unauthorized: /api/add_favorite/
"POST /api/add_favorite/ HTTP/1.1" 401 48
Unauthorized: /api/add_favorite/
"POST /api/add_favorite/ HTTP/1.1" 401 48
"POST /api/add_favorite/ HTTP/1.1" 200 34
"POST /api/add_favorite/ HTTP/1.1" 200 34
"POST /api/add_favorite/ HTTP/1.1" 200 34
"POST /api/add_favorite/ HTTP/1.1" 200 34
"POST /api/add_favorite/ HTTP/1.1" 200 34
"POST /api/add_favorite/ HTTP/1.1" 200 34
"POST /api/add_favorite/ HTTP/1.1" 200 34
"POST /api/add_favorite/ HTTP/1.1" 200 34
"POST /api/add_favorite/ HTTP/1.1" 200 34
"POST /api/add_favorite/ HTTP/1.1" 200 34
"POST /api/add_favorite/ HTTP/1.1" 200 34
"POST /api/add_favorite/ HTTP/1.1" 200 34
"POST /api/add_favorite/ HTTP/1.1" 200 34
"POST /api/add_favorite/ HTTP/1.1" 200 34
"POST /api/add_favorite/ HTTP/1.1" 200 34
"POST /api/add_favorite/ HTTP/1.1" 200 34
"POST /api/add_favorite/ HTTP/1.1" 200 34
"POST /api/add_favorite/ HTTP/1.1" 200 34
"POST /api/add_favorite/ HTTP/1.1" 200 34
"POST /api/add_favorite/ HTTP/1.1" 200 34
Unauthorized: /api/add_favorite/
"POST /api/add_favorite/ HTTP/1.1" 401 48
Bad Request: /api/add_favorite/
"POST /api/add_favorite/ HTTP/1.1" 400 29
"POST /api/add_favorite/ HTTP/1.1" 200 34
Not Found: /api/favorite_count/
"GET /api/favorite_count/?place=Morocco,+Marrakesh HTTP/1.1" 404 3600
Not Found: /api/favorite_count/
"GET /api/favorite_count/?place=Switzerland,+Zermatt HTTP/1.1" 404 3602
Not Found: /api/favorite_count/
"GET /api/favorite_count/?place=Morocco,+Marrakesh HTTP/1.1" 404 3600
Not Found: /api/favorite_count/
"GET /api/favorite_count/?place=The+Netherlands,+Enschede HTTP/1.1" 404 3607
Not Found: /api/favorite_count/
"GET /api/favorite_count/?place=The+Netherlands,+Enschede HTTP/1.1" 404 3607
Not Found: /api/favorite_count/
Not Found: /api/favorite_count/
"GET /api/favorite_count/?place=Switzerland,+Zermatt HTTP/1.1" 404 3602
"GET /api/favorite_count/?place=Morocco,+Marrakesh HTTP/1.1" 404 3600
Not Found: /api/favorite_count/
Not Found: /api/favorite_count/
Not Found: /api/favorite_count/
"GET /api/favorite_count/?place=Morocco,+Marrakesh HTTP/1.1" 404 3600
"GET /api/favorite_count/?place=The+Netherlands,+Enschede HTTP/1.1" 404 3607
"GET /api/favorite_count/?place=Switzerland,+Zermatt HTTP/1.1" 404 3602
Not Found: /api/favorite_count/
Not Found: /api/favorite_count/
Not Found: /api/favorite_count/
"GET /api/favorite_count/?place=Morocco,+Marrakesh HTTP/1.1" 404 3600
"GET /api/favorite_count/?place=Switzerland,+Zermatt HTTP/1.1" 404 3602
"GET /api/favorite_count/?place=The+Netherlands,+Enschede HTTP/1.1" 404 3607
Not Found: /api/favorite_count/
Not Found: /api/favorite_count/
Not Found: /api/favorite_count/
"GET /api/favorite_count/?place=Switzerland,+Zermatt HTTP/1.1" 404 3602
"GET /api/favorite_count/?place=Morocco,+Marrakesh HTTP/1.1" 404 3600
"GET /api/favorite_count/?place=The+Netherlands,+Enschede HTTP/1.1" 404 3607
Not Found: /api/favorite_count/
Not Found: /api/favorite_count/
"GET /api/favorite_count/?place=Switzerland,+Zermatt HTTP/1.1" 404 3602
Not Found: /api/favorite_count/
"GET /api/favorite_count/?place=Morocco,+Marrakesh HTTP/1.1" 404 3600
"GET /api/favorite_count/?place=The+Netherlands,+Enschede HTTP/1.1" 404 3607
"POST /api/add_favorite/ HTTP/1.1" 200 34
Not Found: /api/favorite_count/
"GET /api/favorite_count/?place=Morocco,+Marrakesh HTTP/1.1" 404 3600
"POST /api/add_favorite/ HTTP/1.1" 200 34
Not Found: /api/favorite_count/
Not Found: /api/favorite_count/
"GET /api/favorite_count/?place=The+Netherlands,+Enschede HTTP/1.1" 404 3607
Not Found: /api/favorite_count/
"GET /api/favorite_count/?place=Morocco,+Marrakesh HTTP/1.1" 404 3600
"GET /api/favorite_count/?place=Switzerland,+Zermatt HTTP/1.1" 404 3602
Not Found: /api/favorite_count/
Not Found: /api/favorite_count/
Not Found: /api/favorite_count/
"GET /api/favorite_count/?place=Morocco,+Marrakesh HTTP/1.1" 404 3600
"GET /api/favorite_count/?place=Switzerland,+Zermatt HTTP/1.1" 404 3602
"GET /api/favorite_count/?place=The+Netherlands,+Enschede HTTP/1.1" 404 3607
Not Found: /api/favorite_count/
Not Found: /api/favorite_count/
Not Found: /api/favorite_count/
"GET /api/favorite_count/?place=Switzerland,+Zermatt HTTP/1.1" 404 3602
"GET /api/favorite_count/?place=Morocco,+Marrakesh HTTP/1.1" 404 3600
Not Found: /api/favorite_count/
"GET /api/favorite_count/?place=The+Netherlands,+Enschede HTTP/1.1" 404 3607
Not Found: /api/favorite_count/
"GET /api/favorite_count/?place=Switzerland,+Zermatt HTTP/1.1" 404 3602
Not Found: /api/favorite_count/
"GET /api/favorite_count/?place=Morocco,+Marrakesh HTTP/1.1" 404 3600
"GET /api/favorite_count/?place=The+Netherlands,+Enschede HTTP/1.1" 404 3607
"POST /questionnaire/classify/ HTTP/1.1" 200 586
"POST /questionnaire/classify/ HTTP/1.1" 200 586
Not Found: /api/favorite_count/
"GET /api/favorite_count/?place=Switzerland,+Zermatt HTTP/1.1" 404 3602
Not Found: /api/favorite_count/
Not Found: /api/favorite_count/
Not Found: /api/favorite_count/
"GET /api/favorite_count/?place=The+Netherlands,+Enschede HTTP/1.1" 404 3607
"GET /api/favorite_count/?place=Morocco,+Marrakesh HTTP/1.1" 404 3600
"GET /api/favorite_count/?place=Switzerland,+Zermatt HTTP/1.1" 404 3602
Not Found: /api/favorite_count/
Not Found: /api/favorite_count/
Not Found: /api/favorite_count/
"GET /api/favorite_count/?place=The+Netherlands,+Enschede HTTP/1.1" 404 3607
"GET /api/favorite_count/?place=Morocco,+Marrakesh HTTP/1.1" 404 3600
"GET /api/favorite_count/?place=Switzerland,+Zermatt HTTP/1.1" 404 3602
Not Found: /api/favorite_count/
Not Found: /api/favorite_count/
"GET /api/favorite_count/?place=The+Netherlands,+Enschede HTTP/1.1" 404 3607
"GET /api/favorite_count/?place=Morocco,+Marrakesh HTTP/1.1" 404 3600
Not Found: /api/favorite_count/
Not Found: /api/favorite_count/
"GET /api/favorite_count/?place=Morocco,+Marrakesh HTTP/1.1" 404 3600
Not Found: /api/favorite_count/
"GET /api/favorite_count/?place=Switzerland,+Zermatt HTTP/1.1" 404 3602
"GET /api/favorite_count/?place=The+Netherlands,+Enschede HTTP/1.1" 404 3607
Not Found: /api/favorite_count/
Not Found: /api/favorite_count/
Not Found: /api/favorite_count/
"GET /api/favorite_count/?place=Switzerland,+Zermatt HTTP/1.1" 404 3602
"GET /api/favorite_count/?place=The+Netherlands,+Enschede HTTP/1.1" 404 3607
"GET /api/favorite_count/?place=Morocco,+Marrakesh HTTP/1.1" 404 3600
Not Found: /api/favorite_count/
Not Found: /api/favorite_count/
Not Found: /api/favorite_count/
"GET /api/favorite_count/?place=The+Netherlands,+Enschede HTTP/1.1" 404 3607
"GET /api/favorite_count/?place=Switzerland,+Zermatt HTTP/1.1" 404 3602
"GET /api/favorite_count/?place=Morocco,+Marrakesh HTTP/1.1" 404 3600
"POST /api/add_favorite/ HTTP/1.1" 200 34
Not Found: /api/favorite_count/
"GET /api/favorite_count/?place=Morocco,+Marrakesh HTTP/1.1" 404 3600
"POST /api/add_favorite/ HTTP/1.1" 200 34
C:\Users\klaud\PycharmProjects\PythonProject2\xplore\users\views.py changed, reloading.
Watching for file changes with StatReloader
C:\Users\klaud\PycharmProjects\PythonProject2\xplore\users\views.py changed, reloading.
Watching for file changes with StatReloader
C:\Users\klaud\PycharmProjects\PythonProject2\xplore\users\views.py changed, reloading.
Watching for file changes with StatReloader
C:\Users\klaud\PycharmProjects\PythonProject2\xplore\users\views.py changed, reloading.
Watching for file changes with StatReloader
"POST /api/add_favorite/ HTTP/1.1" 200 34
C:\Users\klaud\PycharmProjects\PythonProject2\xplore\users\views.py changed, reloading.
Watching for file changes with StatReloader
C:\Users\klaud\PycharmProjects\PythonProject2\xplore\users\views.py changed, reloading.
Watching for file changes with StatReloader
"POST /api/add_favorite/ HTTP/1.1" 200 34
C:\Users\klaud\PycharmProjects\PythonProject2\xplore\users\views.py changed, reloading.
Watching for file changes with StatReloader
C:\Users\klaud\PycharmProjects\PythonProject2\xplore\users\views.py changed, reloading.
Watching for file changes with StatReloader
C:\Users\klaud\PycharmProjects\PythonProject2\xplore\users\views.py changed, reloading.
Watching for file changes with StatReloader
C:\Users\klaud\PycharmProjects\PythonProject2\xplore\users\views.py changed, reloading.
Watching for file changes with StatReloader
Unauthorized: /api/add_favorite/
"POST /api/add_favorite/ HTTP/1.1" 401 48
"POST /api/add_favorite/ HTTP/1.1" 200 34
C:\Users\klaud\PycharmProjects\PythonProject2\xplore\users\views.py changed, reloading.
Watching for file changes with StatReloader
C:\Users\klaud\PycharmProjects\PythonProject2\xplore\users\views.py changed, reloading.
Watching for file changes with StatReloader
"POST /api/add_favorite/ HTTP/1.1" 200 34
C:\Users\klaud\PycharmProjects\PythonProject2\xplore\users\views.py changed, reloading.
Watching for file changes with StatReloader
C:\Users\klaud\PycharmProjects\PythonProject2\xplore\users\views.py changed, reloading.
Watching for file changes with StatReloader
Bad Request: /api/add_favorite/
"POST /api/add_favorite/ HTTP/1.1" 400 35
Internal Server Error: /api/add_favorite/
Traceback (most recent call last):
  File "C:\Users\klaud\PycharmProjects\PythonProject2\xplore\users\views.py", line 70, in add_favorite
    try:
         
NameError: name 'AccessToken' is not defined

During handling of the above exception, another exception occurred:

Traceback (most recent call last):
  File "C:\Users\klaud\PycharmProjects\PythonProject2\.venv\Lib\site-packages\django\core\handlers\exception.py", line 55, in inner
    response = get_response(request)
               ^^^^^^^^^^^^^^^^^^^^^
  File "C:\Users\klaud\PycharmProjects\PythonProject2\.venv\Lib\site-packages\django\core\handlers\base.py", line 197, in _get_response
    response = wrapped_callback(request, *callback_args, **callback_kwargs)
               ^^^^^^^^^^^^^^^^^^^^^^^^^^^^^^^^^^^^^^^^^^^^^^^^^^^^^^^^^^^^
  File "C:\Users\klaud\PycharmProjects\PythonProject2\.venv\Lib\site-packages\django\views\decorators\csrf.py", line 65, in _view_wrapper
    return view_func(request, *args, **kwargs)
           ^^^^^^^^^^^^^^^^^^^^^^^^^^^^^^^^^^^
  File "C:\Users\klaud\PycharmProjects\PythonProject2\.venv\Lib\site-packages\django\views\generic\base.py", line 104, in view
    return self.dispatch(request, *args, **kwargs)
           ^^^^^^^^^^^^^^^^^^^^^^^^^^^^^^^^^^^^^^^
  File "C:\Users\klaud\PycharmProjects\PythonProject2\.venv\Lib\site-packages\rest_framework\views.py", line 509, in dispatch
    response = self.handle_exception(exc)
               ^^^^^^^^^^^^^^^^^^^^^^^^^^
  File "C:\Users\klaud\PycharmProjects\PythonProject2\.venv\Lib\site-packages\rest_framework\views.py", line 469, in handle_exception
    self.raise_uncaught_exception(exc)
  File "C:\Users\klaud\PycharmProjects\PythonProject2\.venv\Lib\site-packages\rest_framework\views.py", line 480, in raise_uncaught_exception
    raise exc
  File "C:\Users\klaud\PycharmProjects\PythonProject2\.venv\Lib\site-packages\rest_framework\views.py", line 506, in dispatch
    response = handler(request, *args, **kwargs)
               ^^^^^^^^^^^^^^^^^^^^^^^^^^^^^^^^^
  File "C:\Users\klaud\PycharmProjects\PythonProject2\.venv\Lib\site-packages\rest_framework\decorators.py", line 50, in handler
    return func(*args, **kwargs)
           ^^^^^^^^^^^^^^^^^^^^^
  File "C:\Users\klaud\PycharmProjects\PythonProject2\xplore\users\views.py", line 73, in add_favorite
    username = access_token['username']  # 'username' jest w tokenie
        ^^^^^^^^^^^
NameError: name 'AccessToken' is not defined
"POST /api/add_favorite/ HTTP/1.1" 500 103367
C:\Users\klaud\PycharmProjects\PythonProject2\xplore\users\views.py changed, reloading.
Watching for file changes with StatReloader
C:\Users\klaud\PycharmProjects\PythonProject2\xplore\users\views.py changed, reloading.
Watching for file changes with StatReloader
"OPTIONS /api/add_favorite/ HTTP/1.1" 200 0
Unauthorized: /api/add_favorite/
"POST /api/add_favorite/ HTTP/1.1" 401 48
"POST /api/add_favorite/ HTTP/1.1" 200 34
"POST /api/add_favorite/ HTTP/1.1" 200 34
"POST /api/add_favorite/ HTTP/1.1" 200 34
"POST /api/add_favorite/ HTTP/1.1" 200 34
C:\Users\klaud\PycharmProjects\PythonProject2\xplore\users\views.py changed, reloading.
Watching for file changes with StatReloader
Not Found: /api/add_favorite/
"POST /api/add_favorite/ HTTP/1.1" 404 32
Not Found: /api/add_favorite/
"POST /api/add_favorite/ HTTP/1.1" 404 32
Not Found: /api/add_favorite/
"POST /api/add_favorite/ HTTP/1.1" 404 32
Not Found: /api/add_favorite/
"POST /api/add_favorite/ HTTP/1.1" 404 32
Not Found: /api/add_favorite/
"POST /api/add_favorite/ HTTP/1.1" 404 32
C:\Users\klaud\PycharmProjects\PythonProject2\xplore\users\views.py changed, reloading.
Watching for file changes with StatReloader
C:\Users\klaud\PycharmProjects\PythonProject2\xplore\users\views.py changed, reloading.
Watching for file changes with StatReloader
"POST /api/add_favorite/ HTTP/1.1" 200 34
"OPTIONS /api/get_likes/ HTTP/1.1" 200 0
Not Found: /api/get_likes/
Not Found: /api/get_likes/
"POST /api/get_likes/ HTTP/1.1" 404 3561
"POST /api/get_likes/ HTTP/1.1" 404 3561
Not Found: /api/get_likes/
Not Found: /api/get_likes/
"POST /api/get_likes/ HTTP/1.1" 404 3561
"POST /api/get_likes/ HTTP/1.1" 404 3561
"OPTIONS /places/nearby-places/ HTTP/1.1" 200 0
Not Found: /places/nearby-places/
"POST /places/nearby-places/ HTTP/1.1" 404 2394
"OPTIONS /api/add_like/ HTTP/1.1" 200 0
Not Found: /api/add_like/
"POST /api/add_like/ HTTP/1.1" 404 3558
C:\Users\klaud\PycharmProjects\PythonProject2\xplore\users\views.py changed, reloading.
Watching for file changes with StatReloader
C:\Users\klaud\PycharmProjects\PythonProject2\xplore\users\views.py changed, reloading.
Watching for file changes with StatReloader
C:\Users\klaud\PycharmProjects\PythonProject2\xplore\users\views.py changed, reloading.
Watching for file changes with StatReloader
"POST /api/add_favorite/ HTTP/1.1" 200 34
"POST /api/add_favorite/ HTTP/1.1" 200 34
"POST /api/add_favorite/ HTTP/1.1" 200 34
Bad Request: /api/add_favorite/
"POST /api/add_favorite/ HTTP/1.1" 400 29
Bad Request: /api/add_favorite/
"POST /api/add_favorite/ HTTP/1.1" 400 29
"POST /api/add_favorite/ HTTP/1.1" 200 34
"POST /api/add_favorite/ HTTP/1.1" 200 34
Unauthorized: /api/add_favorite/
"POST /api/add_favorite/ HTTP/1.1" 401 48
"POST /api/add_favorite/ HTTP/1.1" 200 34
"POST /api/add_favorite/ HTTP/1.1" 200 34
"POST /api/add_favorite/ HTTP/1.1" 200 34
C:\Users\klaud\PycharmProjects\PythonProject2\xplore\users\views.py changed, reloading.
Watching for file changes with StatReloader
C:\Users\klaud\PycharmProjects\PythonProject2\xplore\users\views.py changed, reloading.
Watching for file changes with StatReloader
"POST /api/add_favorite/ HTTP/1.1" 200 34
C:\Users\klaud\PycharmProjects\PythonProject2\xplore\users\views.py changed, reloading.
Watching for file changes with StatReloader
C:\Users\klaud\PycharmProjects\PythonProject2\xplore\users\views.py changed, reloading.
Watching for file changes with StatReloader
C:\Users\klaud\PycharmProjects\PythonProject2\xplore\users\views.py changed, reloading.
Watching for file changes with StatReloader
"POST /api/add_favorite/ HTTP/1.1" 200 96
C:\Users\klaud\PycharmProjects\PythonProject2\xplore\users\views.py changed, reloading.
Watching for file changes with StatReloader
C:\Users\klaud\PycharmProjects\PythonProject2\xplore\users\views.py changed, reloading.
Watching for file changes with StatReloader
C:\Users\klaud\PycharmProjects\PythonProject2\xplore\users\views.py changed, reloading.
Watching for file changes with StatReloader
"POST /api/add_favorite/ HTTP/1.1" 200 34
C:\Users\klaud\PycharmProjects\PythonProject2\xplore\users\models.py changed, reloading.
Watching for file changes with StatReloader
C:\Users\klaud\PycharmProjects\PythonProject2\xplore\users\views.py changed, reloading.
Watching for file changes with StatReloader
C:\Users\klaud\PycharmProjects\PythonProject2\xplore\users\views.py changed, reloading.
Watching for file changes with StatReloader
C:\Users\klaud\PycharmProjects\PythonProject2\xplore\users\views.py changed, reloading.
Watching for file changes with StatReloader
C:\Users\klaud\PycharmProjects\PythonProject2\xplore\users\views.py changed, reloading.
Watching for file changes with StatReloader
C:\Users\klaud\PycharmProjects\PythonProject2\xplore\users\views.py changed, reloading.
Watching for file changes with StatReloader
Watching for file changes with StatReloader
C:\Users\klaud\PycharmProjects\PythonProject2\xplore\users\views.py changed, reloading.
Watching for file changes with StatReloader
"OPTIONS /questionnaire/classify/ HTTP/1.1" 200 0
"OPTIONS /questionnaire/classify/ HTTP/1.1" 200 0
"POST /questionnaire/classify/ HTTP/1.1" 200 590
"POST /questionnaire/classify/ HTTP/1.1" 200 590
"OPTIONS /api/add_favorite/ HTTP/1.1" 200 0
"POST /api/add_favorite/ HTTP/1.1" 200 34
C:\Users\klaud\PycharmProjects\PythonProject2\xplore\users\views.py changed, reloading.
Watching for file changes with StatReloader
C:\Users\klaud\PycharmProjects\PythonProject2\xplore\users\views.py changed, reloading.
Watching for file changes with StatReloader
"POST /api/add_favorite/ HTTP/1.1" 200 34
C:\Users\klaud\PycharmProjects\PythonProject2\xplore\users\views.py changed, reloading.
Watching for file changes with StatReloader
C:\Users\klaud\PycharmProjects\PythonProject2\xplore\users\views.py changed, reloading.
Watching for file changes with StatReloader
"POST /api/add_favorite/ HTTP/1.1" 200 53
"POST /api/add_favorite/ HTTP/1.1" 200 53
"POST /api/add_favorite/ HTTP/1.1" 200 53
"POST /api/add_favorite/ HTTP/1.1" 200 53
Not Found: /api/favorite_count/
"GET /api/favorite_count/?place=The%20Netherlands,%20Enschede HTTP/1.1" 404 3611
"POST /api/add_favorite/ HTTP/1.1" 200 53
Not Found: /api/favorite_count/
"GET /api/favorite_count/?place=The%20Netherlands,%20Enschede HTTP/1.1" 404 3611
Method Not Allowed: /api/add_favorite/
"GET /api/add_favorite/ HTTP/1.1" 405 40
"POST /api/add_favorite/ HTTP/1.1" 200 53
C:\Users\klaud\PycharmProjects\PythonProject2\xplore\users\urls.py changed, reloading.
Watching for file changes with StatReloader
C:\Users\klaud\PycharmProjects\PythonProject2\xplore\users\views.py changed, reloading.
Watching for file changes with StatReloader
C:\Users\klaud\PycharmProjects\PythonProject2\xplore\users\urls.py changed, reloading.
Watching for file changes with StatReloader
"POST /api/add_favorite/ HTTP/1.1" 200 53
C:\Users\klaud\PycharmProjects\PythonProject2\xplore\users\views.py changed, reloading.
Watching for file changes with StatReloader
"POST /api/add_favorite/ HTTP/1.1" 200 53
"GET /api/favorite_count/?place=The%20Netherlands%2C%20Enschede HTTP/1.1" 200 20
"POST /api/add_favorite/ HTTP/1.1" 200 53
"GET /api/favorite_count/?place=The%20Netherlands%2C%20Enschede HTTP/1.1" 200 20
"GET /api/favorite_count/?place=The%20Netherlands%2C%20Enschede HTTP/1.1" 200 20
"POST /api/add_favorite/ HTTP/1.1" 200 53
"GET /api/favorite_count/?place=The%20Netherlands%2C%20Enschede HTTP/1.1" 200 20
C:\Users\klaud\PycharmProjects\PythonProject2\xplore\xplore\settings.py changed, reloading.
